<?xml version="1.0" encoding="UTF-8"?>
<!-- Generated by org.testng.reporters.JUnitReportReporter -->
<testsuite skipped="0" hostname="DESKTOP-EAC6D0I" name="TestCases.TC_01_GET_loginPage" tests="1" failures="0" timestamp="2021-01-09T00:28:52 IST" time="3.670" errors="0">
  <testcase name="LoginPage" time="3.670" classname="TestCases.TC_01_GET_loginPage"/>
  <system-out/>
</testsuite> <!-- TestCases.TC_01_GET_loginPage -->
