<?xml version="1.0" encoding="UTF-8"?>
<!-- Generated by org.testng.reporters.JUnitReportReporter -->
<testsuite skipped="1" hostname="DESKTOP-EAC6D0I" name="com.TestCases.TC_001_GET_loginPage" tests="8" failures="0" timestamp="10 Jan 2021 18:52:35 GMT" time="0.044" errors="0">
  <testcase name="loginPageContentEncoding" time="0.007" classname="com.TestCases.TC_001_GET_loginPage"/>
  <testcase name="loginPageServerType" time="0.003" classname="com.TestCases.TC_001_GET_loginPage"/>
  <testcase name="loginPageResponseBody" time="0.022" classname="com.TestCases.TC_001_GET_loginPage"/>
  <testcase name="loginPageContentLength" time="0.002" classname="com.TestCases.TC_001_GET_loginPage"/>
  <testcase name="loginPageStatusLine" time="0.005" classname="com.TestCases.TC_001_GET_loginPage"/>
  <testcase name="loginPageStatuscode" time="0.002" classname="com.TestCases.TC_001_GET_loginPage"/>
  <testcase name="loginPageContentType" time="0.003" classname="com.TestCases.TC_001_GET_loginPage"/>
  <testcase name="loginPageResponseTime" classname="com.TestCases.TC_001_GET_loginPage">
    <skipped/>
  </testcase> <!-- loginPageResponseTime -->
</testsuite> <!-- com.TestCases.TC_001_GET_loginPage -->
