<?xml version="1.0" encoding="UTF-8"?>
<!-- Generated by org.testng.reporters.JUnitReportReporter -->
<testsuite skipped="0" hostname="DESKTOP-EAC6D0I" name="com.TestCases.TC_002_Post_ValidateHomePage" tests="3" failures="0" timestamp="11 Jan 2021 19:21:49 GMT" time="17.338" errors="0">
  <testcase name="ValidateloginPageStatusLine" time="0.004" classname="com.TestCases.TC_002_Post_ValidateHomePage"/>
  <testcase name="ValidateLoginPageStatuscode" time="0.006" classname="com.TestCases.TC_002_Post_ValidateHomePage"/>
  <testcase name="ValidateLoginPage" time="17.328" classname="com.TestCases.TC_002_Post_ValidateHomePage"/>
</testsuite> <!-- com.TestCases.TC_002_Post_ValidateHomePage -->
