<?xml version="1.0" encoding="UTF-8"?>
<!-- Generated by org.testng.reporters.JUnitReportReporter -->
<testsuite skipped="1" hostname="DESKTOP-EAC6D0I" name="com.TestCases.TC_001_GET_loginPage" tests="8" failures="0" timestamp="11 Jan 2021 19:21:49 GMT" time="0.048" errors="0">
  <testcase name="loginPageServerType" time="0.002" classname="com.TestCases.TC_001_GET_loginPage"/>
  <testcase name="loginPageContentType" time="0.002" classname="com.TestCases.TC_001_GET_loginPage"/>
  <testcase name="loginPageStatuscode" time="0.002" classname="com.TestCases.TC_001_GET_loginPage"/>
  <testcase name="loginPageContentEncoding" time="0.011" classname="com.TestCases.TC_001_GET_loginPage"/>
  <testcase name="loginPageContentLength" time="0.002" classname="com.TestCases.TC_001_GET_loginPage"/>
  <testcase name="loginPageResponseBody" time="0.028" classname="com.TestCases.TC_001_GET_loginPage"/>
  <testcase name="loginPageStatusLine" time="0.001" classname="com.TestCases.TC_001_GET_loginPage"/>
  <testcase name="loginPageResponseTime" classname="com.TestCases.TC_001_GET_loginPage">
    <skipped/>
  </testcase> <!-- loginPageResponseTime -->
</testsuite> <!-- com.TestCases.TC_001_GET_loginPage -->
