<?xml version="1.0" encoding="UTF-8"?>
<!-- Generated by org.testng.reporters.JUnitReportReporter -->
<testsuite skipped="0" hostname="DESKTOP-EAC6D0I" name="com.TestCases.TC_002_Post_ValidateHomePage" tests="3" failures="0" timestamp="11 Jan 2021 17:08:11 GMT" time="6.089" errors="0">
  <testcase name="ValidateloginPageStatusLine" time="0.011" classname="com.TestCases.TC_002_Post_ValidateHomePage"/>
  <testcase name="ValidateLoginPageStatuscode" time="0.013" classname="com.TestCases.TC_002_Post_ValidateHomePage"/>
  <testcase name="ValidateLoginPage" time="6.065" classname="com.TestCases.TC_002_Post_ValidateHomePage"/>
</testsuite> <!-- com.TestCases.TC_002_Post_ValidateHomePage -->
