<?xml version="1.0" encoding="UTF-8"?>
<!-- Generated by org.testng.reporters.JUnitReportReporter -->
<testsuite skipped="1" hostname="DESKTOP-EAC6D0I" name="com.TestCases.TC_001_GET_loginPage" tests="8" failures="0" timestamp="13 Jan 2021 08:59:42 GMT" time="0.114" errors="0">
  <testcase name="loginPageServerType" time="0.013" classname="com.TestCases.TC_001_GET_loginPage"/>
  <testcase name="loginPageContentEncoding" time="0.018" classname="com.TestCases.TC_001_GET_loginPage"/>
  <testcase name="loginPageStatuscode" time="0.005" classname="com.TestCases.TC_001_GET_loginPage"/>
  <testcase name="loginPageContentLength" time="0.005" classname="com.TestCases.TC_001_GET_loginPage"/>
  <testcase name="loginPageStatusLine" time="0.006" classname="com.TestCases.TC_001_GET_loginPage"/>
  <testcase name="loginPageResponseBody" time="0.061" classname="com.TestCases.TC_001_GET_loginPage"/>
  <testcase name="loginPageContentType" time="0.006" classname="com.TestCases.TC_001_GET_loginPage"/>
  <testcase name="loginPageResponseTime" classname="com.TestCases.TC_001_GET_loginPage">
    <skipped/>
  </testcase> <!-- loginPageResponseTime -->
</testsuite> <!-- com.TestCases.TC_001_GET_loginPage -->
