<?xml version="1.0" encoding="UTF-8"?>
<!-- Generated by org.testng.reporters.JUnitReportReporter -->
<testsuite skipped="1" hostname="DESKTOP-EAC6D0I" name="TestCases.TC_001_GET_loginPage" tests="8" failures="1" timestamp="2021-01-09T13:42:54 IST" time="0.075" errors="0">
  <testcase name="checkStatuscode" time="0.002" classname="TestCases.TC_001_GET_loginPage"/>
  <system-out/>
  <testcase name="checkContentLength" time="0.004" classname="TestCases.TC_001_GET_loginPage"/>
  <system-out/>
  <testcase name="checkContentType" time="0.003" classname="TestCases.TC_001_GET_loginPage">
    <failure type="java.lang.AssertionError" message="expected [application/json; charset=utf-8] but found [text/html]">
      <![CDATA[java.lang.AssertionError: expected [application/json; charset=utf-8] but found [text/html]
at org.testng.Assert.fail(Assert.java:99)
at org.testng.Assert.failNotEquals(Assert.java:1037)
at org.testng.Assert.assertEqualsImpl(Assert.java:140)
at org.testng.Assert.assertEquals(Assert.java:122)
at org.testng.Assert.assertEquals(Assert.java:629)
at org.testng.Assert.assertEquals(Assert.java:639)
at TestCases.TC_001_GET_loginPage.checkContentType(TC_001_GET_loginPage.java:69)
at sun.reflect.NativeMethodAccessorImpl.invoke0(Native Method)
at sun.reflect.NativeMethodAccessorImpl.invoke(Unknown Source)
at sun.reflect.DelegatingMethodAccessorImpl.invoke(Unknown Source)
at java.lang.reflect.Method.invoke(Unknown Source)
at org.testng.internal.MethodInvocationHelper.invokeMethod(MethodInvocationHelper.java:132)
at org.testng.internal.TestInvoker.invokeMethod(TestInvoker.java:599)
at org.testng.internal.TestInvoker.invokeTestMethod(TestInvoker.java:174)
at org.testng.internal.MethodRunner.runInSequence(MethodRunner.java:46)
at org.testng.internal.TestInvoker$MethodInvocationAgent.invoke(TestInvoker.java:822)
at org.testng.internal.TestInvoker.invokeTestMethods(TestInvoker.java:147)
at org.testng.internal.TestMethodWorker.invokeTestMethods(TestMethodWorker.java:146)
at org.testng.internal.TestMethodWorker.run(TestMethodWorker.java:128)
at java.util.ArrayList.forEach(Unknown Source)
at org.testng.TestRunner.privateRun(TestRunner.java:764)
at org.testng.TestRunner.run(TestRunner.java:585)
at org.testng.SuiteRunner.runTest(SuiteRunner.java:384)
at org.testng.SuiteRunner.runSequentially(SuiteRunner.java:378)
at org.testng.SuiteRunner.privateRun(SuiteRunner.java:337)
at org.testng.SuiteRunner.run(SuiteRunner.java:286)
at org.testng.SuiteRunnerWorker.runSuite(SuiteRunnerWorker.java:53)
at org.testng.SuiteRunnerWorker.run(SuiteRunnerWorker.java:96)
at org.testng.TestNG.runSuitesSequentially(TestNG.java:1218)
at org.testng.TestNG.runSuitesLocally(TestNG.java:1140)
at org.testng.TestNG.runSuites(TestNG.java:1069)
at org.testng.TestNG.run(TestNG.java:1037)
at org.testng.remote.AbstractRemoteTestNG.run(AbstractRemoteTestNG.java:115)
at org.testng.remote.RemoteTestNG.initAndRun(RemoteTestNG.java:251)
at org.testng.remote.RemoteTestNG.main(RemoteTestNG.java:77)
]]>
    </failure>
  </testcase> <!-- checkContentType -->
  <system-out/>
  <testcase name="checkResponseBody" time="0.050" classname="TestCases.TC_001_GET_loginPage"/>
  <system-out/>
  <testcase name="checkContentEncoding" time="0.009" classname="TestCases.TC_001_GET_loginPage"/>
  <system-out/>
  <testcase name="checkServerType" time="0.004" classname="TestCases.TC_001_GET_loginPage"/>
  <system-out/>
  <testcase name="checkStatusLine" time="0.003" classname="TestCases.TC_001_GET_loginPage"/>
  <system-out/>
  <testcase name="checkResponseTime" classname="TestCases.TC_001_GET_loginPage">
    <skipped/>
  </testcase> <!-- checkResponseTime -->
  <system-out/>
</testsuite> <!-- TestCases.TC_001_GET_loginPage -->
